<?xml version="1.0" encoding="UTF-8"?>
<!-- Generated by org.testng.reporters.JUnitXMLReporter -->
<testsuite hostname="MSAHITHY-3D07B" ignored="0" name="Default test(failed)" tests="1" failures="1" timestamp="14 Jul 2022 15:50:24 GMT" time="13.714" errors="0">
  <testcase name="basepageNavigation" time="13.67" classname="PageObjects.ValidateText">
    <failure type="java.lang.AssertionError" message="expected [Sign-In123] but found [Sign-In]">
      <![CDATA[java.lang.AssertionError: expected [Sign-In123] but found [Sign-In]
at PageObjects.ValidateText.basepageNavigation(ValidateText.java:29)
... Removed 31 stack frames]]>
    </failure>
  </testcase> <!-- basepageNavigation -->
</testsuite> <!-- Default test(failed) -->
